app/build/outputs/logs/manifest-merger-release-report.txt
-- Merging decision tree log ---
manifest
ADDED from src/main/AndroidManifest.xml:2:1-251:12
	package
		ADDED from src/main/AndroidManifest.xml:3:5-31
		INJECTED from src/main/AndroidManifest.xml
		INJECTED from src/main/AndroidManifest.xml
	android:versionName
		ADDED from src/main/AndroidManifest.xml:5:5-30
		INJECTED from src/main/AndroidManifest.xml
		INJECTED from src/main/AndroidManifest.xml
	android:versionCode
		ADDED from src/main/AndroidManifest.xml:4:5-29
		INJECTED from src/main/AndroidManifest.xml
		INJECTED from src/main/AndroidManifest.xml
	xmlns:android
		ADDED from src/main/AndroidManifest.xml:2:11-69
uses-sdk
ADDED from src/main/AndroidManifest.xml:7:5-9:41
MERGED from [com.android.support:appcompat-v7:21.0.3] AndroidManifest.xml:15:5-42
MERGED from [com.android.support:support-v4:21.0.3] AndroidManifest.xml:15:5-42
MERGED from [com.android.support:cardview-v7:21.0.3] AndroidManifest.xml:15:5-42
MERGED from [com.android.support:recyclerview-v7:21.0.3] AndroidManifest.xml:15:5-42
MERGED from [com.android.support:support-v4:21.0.3] AndroidManifest.xml:15:5-42
	android:targetSdkVersion
		ADDED from src/main/AndroidManifest.xml:9:9-38
		INJECTED from src/main/AndroidManifest.xml
		INJECTED from src/main/AndroidManifest.xml
	android:minSdkVersion
		ADDED from src/main/AndroidManifest.xml:8:9-35
		INJECTED from src/main/AndroidManifest.xml
		INJECTED from src/main/AndroidManifest.xml
uses-permission#android.permission.INTERNET
ADDED from src/main/AndroidManifest.xml:11:5-67
	android:name
		ADDED from src/main/AndroidManifest.xml:11:22-64
uses-permission#android.permission.ACCESS_NETWORK_STATE
ADDED from src/main/AndroidManifest.xml:12:5-78
	android:name
		ADDED from src/main/AndroidManifest.xml:12:22-76
application
ADDED from src/main/AndroidManifest.xml:14:5-249:19
MERGED from [com.android.support:appcompat-v7:21.0.3] AndroidManifest.xml:16:5-19
MERGED from [com.android.support:support-v4:21.0.3] AndroidManifest.xml:16:5-19
MERGED from [com.android.support:cardview-v7:21.0.3] AndroidManifest.xml:16:5-19
MERGED from [com.android.support:recyclerview-v7:21.0.3] AndroidManifest.xml:17:5-19:19
MERGED from [com.android.support:support-v4:21.0.3] AndroidManifest.xml:16:5-19
	android:label
		ADDED from src/main/AndroidManifest.xml:17:9-41
	android:allowBackup
		ADDED from src/main/AndroidManifest.xml:15:9-35
	android:icon
		ADDED from src/main/AndroidManifest.xml:16:9-38
	android:theme
		ADDED from src/main/AndroidManifest.xml:18:9-40
activity#com.example.helloiitg.MainActivity
ADDED from src/main/AndroidManifest.xml:19:9-33:20
	android:screenOrientation
		ADDED from src/main/AndroidManifest.xml:23:13-49
	android:label
		ADDED from src/main/AndroidManifest.xml:21:13-39
	android:parentActivityName
		ADDED from src/main/AndroidManifest.xml:22:13-68
	android:name
		ADDED from src/main/AndroidManifest.xml:20:13-62
intent-filter#android.intent.category.DEFAULT+com.helloiitg.campusmap
ADDED from src/main/AndroidManifest.xml:24:13-28:29
action#com.helloiitg.campusmap
ADDED from src/main/AndroidManifest.xml:25:17-66
	android:name
		ADDED from src/main/AndroidManifest.xml:25:25-63
category#android.intent.category.DEFAULT
ADDED from src/main/AndroidManifest.xml:27:17-76
	android:name
		ADDED from src/main/AndroidManifest.xml:27:27-73
meta-data#android.support.PARENT_ACTIVITY
ADDED from src/main/AndroidManifest.xml:30:13-32:62
	android:value
		ADDED from src/main/AndroidManifest.xml:32:17-59
	android:name
		ADDED from src/main/AndroidManifest.xml:31:17-63
activity#com.example.helloiitg.Taxi
ADDED from src/main/AndroidManifest.xml:34:9-47:20
	android:label
		ADDED from src/main/AndroidManifest.xml:36:13-42
	android:parentActivityName
		ADDED from src/main/AndroidManifest.xml:37:13-68
	android:name
		ADDED from src/main/AndroidManifest.xml:35:13-54
intent-filter#android.intent.category.DEFAULT+com.helloiitg.taxi
ADDED from src/main/AndroidManifest.xml:38:13-42:29
action#com.helloiitg.taxi
ADDED from src/main/AndroidManifest.xml:39:17-61
	android:name
		ADDED from src/main/AndroidManifest.xml:39:25-58
activity#com.example.helloiitg.TimeTable
ADDED from src/main/AndroidManifest.xml:48:9-61:20
	android:label
		ADDED from src/main/AndroidManifest.xml:50:13-39
	android:parentActivityName
		ADDED from src/main/AndroidManifest.xml:51:13-68
	android:name
		ADDED from src/main/AndroidManifest.xml:49:13-59
intent-filter#android.intent.category.DEFAULT+com.helloiitg.timetable
ADDED from src/main/AndroidManifest.xml:52:13-56:29
action#com.helloiitg.timetable
ADDED from src/main/AndroidManifest.xml:53:17-66
	android:name
		ADDED from src/main/AndroidManifest.xml:53:25-63
activity#com.example.helloiitg.TTData
ADDED from src/main/AndroidManifest.xml:62:9-75:20
	android:label
		ADDED from src/main/AndroidManifest.xml:64:13-38
	android:parentActivityName
		ADDED from src/main/AndroidManifest.xml:65:13-73
	android:name
		ADDED from src/main/AndroidManifest.xml:63:13-56
intent-filter#android.intent.category.DEFAULT+com.helloiitg.ttdata
ADDED from src/main/AndroidManifest.xml:66:13-70:29
action#com.helloiitg.ttdata
ADDED from src/main/AndroidManifest.xml:67:17-63
	android:name
		ADDED from src/main/AndroidManifest.xml:67:25-60
activity#com.example.helloiitg.IPSettings
ADDED from src/main/AndroidManifest.xml:76:9-89:20
	android:label
		ADDED from src/main/AndroidManifest.xml:78:13-39
	android:parentActivityName
		ADDED from src/main/AndroidManifest.xml:79:13-70
	android:name
		ADDED from src/main/AndroidManifest.xml:77:13-60
intent-filter#android.intent.category.DEFAULT+com.helloiitg.ipsettings
ADDED from src/main/AndroidManifest.xml:80:13-84:29
action#com.helloiitg.ipsettings
ADDED from src/main/AndroidManifest.xml:81:17-67
	android:name
		ADDED from src/main/AndroidManifest.xml:81:25-64
activity#com.example.helloiitg.BusTimings
ADDED from src/main/AndroidManifest.xml:90:9-103:20
	android:label
		ADDED from src/main/AndroidManifest.xml:92:13-40
	android:parentActivityName
		ADDED from src/main/AndroidManifest.xml:93:13-68
	android:name
		ADDED from src/main/AndroidManifest.xml:91:13-60
intent-filter#android.intent.category.DEFAULT+com.helloiitg.bustimings
ADDED from src/main/AndroidManifest.xml:94:13-98:29
action#com.helloiitg.bustimings
ADDED from src/main/AndroidManifest.xml:95:17-67
	android:name
		ADDED from src/main/AndroidManifest.xml:95:25-64
activity#com.example.helloiitg.Menu
ADDED from src/main/AndroidManifest.xml:104:9-113:20
	android:label
		ADDED from src/main/AndroidManifest.xml:106:13-45
	android:configChanges
		ADDED from src/main/AndroidManifest.xml:107:13-75
	android:name
		ADDED from src/main/AndroidManifest.xml:105:13-54
intent-filter#android.intent.category.DEFAULT+com.helloiitg.menu
ADDED from src/main/AndroidManifest.xml:108:13-112:29
action#com.helloiitg.menu
ADDED from src/main/AndroidManifest.xml:109:17-61
	android:name
		ADDED from src/main/AndroidManifest.xml:109:25-58
activity#com.example.helloiitg.Splash
ADDED from src/main/AndroidManifest.xml:114:9-122:20
	android:label
		ADDED from src/main/AndroidManifest.xml:116:13-45
	android:name
		ADDED from src/main/AndroidManifest.xml:115:13-56
intent-filter#android.intent.action.MAIN+android.intent.category.LAUNCHER
ADDED from src/main/AndroidManifest.xml:117:13-121:29
action#android.intent.action.MAIN
ADDED from src/main/AndroidManifest.xml:118:17-69
	android:name
		ADDED from src/main/AndroidManifest.xml:118:25-66
category#android.intent.category.LAUNCHER
ADDED from src/main/AndroidManifest.xml:120:17-77
	android:name
		ADDED from src/main/AndroidManifest.xml:120:27-74
activity#com.example.helloiitg.InternetSettings
ADDED from src/main/AndroidManifest.xml:123:9-136:20
	android:label
		ADDED from src/main/AndroidManifest.xml:125:13-46
	android:parentActivityName
		ADDED from src/main/AndroidManifest.xml:126:13-68
	android:name
		ADDED from src/main/AndroidManifest.xml:124:13-66
intent-filter#android.intent.category.DEFAULT+com.helloiitg.internetsettings
ADDED from src/main/AndroidManifest.xml:127:13-131:29
action#com.helloiitg.internetsettings
ADDED from src/main/AndroidManifest.xml:128:17-73
	android:name
		ADDED from src/main/AndroidManifest.xml:128:25-70
activity#com.example.helloiitg.LanSet
ADDED from src/main/AndroidManifest.xml:137:9-150:20
	android:label
		ADDED from src/main/AndroidManifest.xml:139:13-41
	android:parentActivityName
		ADDED from src/main/AndroidManifest.xml:140:13-80
	android:name
		ADDED from src/main/AndroidManifest.xml:138:13-56
intent-filter#android.intent.category.DEFAULT+com.helloiitg.lansettings
ADDED from src/main/AndroidManifest.xml:141:13-145:29
action#com.helloiitg.lansettings
ADDED from src/main/AndroidManifest.xml:142:17-68
	android:name
		ADDED from src/main/AndroidManifest.xml:142:25-65
activity#com.example.helloiitg.BrowSet
ADDED from src/main/AndroidManifest.xml:151:9-164:20
	android:label
		ADDED from src/main/AndroidManifest.xml:153:13-45
	android:parentActivityName
		ADDED from src/main/AndroidManifest.xml:154:13-80
	android:name
		ADDED from src/main/AndroidManifest.xml:152:13-57
intent-filter#android.intent.category.DEFAULT+com.helloiitg.browsettings
ADDED from src/main/AndroidManifest.xml:155:13-159:29
action#com.helloiitg.browsettings
ADDED from src/main/AndroidManifest.xml:156:17-69
	android:name
		ADDED from src/main/AndroidManifest.xml:156:25-66
activity#com.example.helloiitg.SkypeSet
ADDED from src/main/AndroidManifest.xml:165:9-178:20
	android:label
		ADDED from src/main/AndroidManifest.xml:167:13-43
	android:parentActivityName
		ADDED from src/main/AndroidManifest.xml:168:13-80
	android:name
		ADDED from src/main/AndroidManifest.xml:166:13-58
intent-filter#android.intent.category.DEFAULT+com.helloiitg.skypesettings
ADDED from src/main/AndroidManifest.xml:169:13-173:29
action#com.helloiitg.skypesettings
ADDED from src/main/AndroidManifest.xml:170:17-70
	android:name
		ADDED from src/main/AndroidManifest.xml:170:25-67
activity#com.example.helloiitg.DCSet
ADDED from src/main/AndroidManifest.xml:179:9-192:20
	android:label
		ADDED from src/main/AndroidManifest.xml:181:13-42
	android:parentActivityName
		ADDED from src/main/AndroidManifest.xml:182:13-80
	android:name
		ADDED from src/main/AndroidManifest.xml:180:13-55
intent-filter#android.intent.category.DEFAULT+com.helloiitg.dcsettings
ADDED from src/main/AndroidManifest.xml:183:13-187:29
action#com.helloiitg.dcsettings
ADDED from src/main/AndroidManifest.xml:184:17-67
	android:name
		ADDED from src/main/AndroidManifest.xml:184:25-64
activity#com.example.helloiitg.ContactDetails
ADDED from src/main/AndroidManifest.xml:193:9-206:20
	android:label
		ADDED from src/main/AndroidManifest.xml:195:13-44
	android:parentActivityName
		ADDED from src/main/AndroidManifest.xml:196:13-68
	android:name
		ADDED from src/main/AndroidManifest.xml:194:13-64
intent-filter#android.intent.category.DEFAULT+com.helloiitg.contactdetails
ADDED from src/main/AndroidManifest.xml:197:13-201:29
action#com.helloiitg.contactdetails
ADDED from src/main/AndroidManifest.xml:198:17-71
	android:name
		ADDED from src/main/AndroidManifest.xml:198:25-68
activity#com.example.helloiitg.About
ADDED from src/main/AndroidManifest.xml:207:9-220:20
	android:label
		ADDED from src/main/AndroidManifest.xml:209:13-34
	android:parentActivityName
		ADDED from src/main/AndroidManifest.xml:210:13-68
	android:name
		ADDED from src/main/AndroidManifest.xml:208:13-55
intent-filter#android.intent.category.DEFAULT+com.helloiitg.about
ADDED from src/main/AndroidManifest.xml:211:13-215:29
action#com.helloiitg.about
ADDED from src/main/AndroidManifest.xml:212:17-62
	android:name
		ADDED from src/main/AndroidManifest.xml:212:25-59
activity#com.example.helloiitg.Webmail
ADDED from src/main/AndroidManifest.xml:221:9-234:20
	android:label
		ADDED from src/main/AndroidManifest.xml:223:13-36
	android:parentActivityName
		ADDED from src/main/AndroidManifest.xml:224:13-68
	android:name
		ADDED from src/main/AndroidManifest.xml:222:13-57
intent-filter#android.intent.category.DEFAULT+com.helloiitg.webmail
ADDED from src/main/AndroidManifest.xml:225:13-229:29
action#com.helloiitg.webmail
ADDED from src/main/AndroidManifest.xml:226:17-64
	android:name
		ADDED from src/main/AndroidManifest.xml:226:25-61
activity#com.example.helloiitg.Places
ADDED from src/main/AndroidManifest.xml:235:9-248:20
	android:label
		ADDED from src/main/AndroidManifest.xml:237:13-35
	android:parentActivityName
		ADDED from src/main/AndroidManifest.xml:238:13-68
	android:name
		ADDED from src/main/AndroidManifest.xml:236:13-56
intent-filter#android.intent.category.DEFAULT+com.helloiitg.places
ADDED from src/main/AndroidManifest.xml:239:13-243:29
action#com.helloiitg.places
ADDED from src/main/AndroidManifest.xml:240:17-63
	android:name
		ADDED from src/main/AndroidManifest.xml:240:25-60
activity#android.support.v7.widget.TestActivity
ADDED from [com.android.support:recyclerview-v7:21.0.3] AndroidManifest.xml:18:9-115
	android:label
		ADDED from [com.android.support:recyclerview-v7:21.0.3] AndroidManifest.xml:18:19-59
	android:name
		ADDED from [com.android.support:recyclerview-v7:21.0.3] AndroidManifest.xml:18:60-113